<?xml version="1.0" encoding="utf-8" standalone="no"?>
<!--This file represents the results of running a test suite-->
<test-results name="W:\ReShuX2\bin\JetBrains.Platform.ReSharper.Util.Tests.dll" total="1" errors="0" failures="0" not-run="0" inconclusive="0" ignored="0" skipped="0" invalid="0" date="2013-02-06" time="18:13:10">
  <environment nunit-version="2.6.1.12217" clr-version="2.0.50727.5466" os-version="Microsoft Windows NT 6.1.7601 Service Pack 1" platform="Win32NT" cwd="W:\Dum\NUnit\NUnit.2.6.1.12217\bin" machine-name="HYPERJET" user="Baltic" user-domain="LABS" />
  <culture-info current-culture="en-US" current-uiculture="en-US" />
  <test-suite type="Assembly" name="W:\ReShuX2\bin\JetBrains.Platform.ReSharper.Util.Tests.dll" executed="True" result="Success" success="True" time="3.690" asserts="0">
    <results>
      <test-suite type="Namespace" name="JetBrains" executed="True" result="Success" success="True" time="3.672" asserts="0">
        <results>
          <test-suite type="Namespace" name="Platform" executed="True" result="Success" success="True" time="3.672" asserts="0">
            <results>
              <test-suite type="Namespace" name="Util" executed="True" result="Success" success="True" time="3.671" asserts="0">
                <results>
                  <test-suite type="Namespace" name="Tests" executed="True" result="Success" success="True" time="3.671" asserts="0">
                    <results>
                      <test-suite type="Namespace" name="Threading" executed="True" result="Success" success="True" time="3.671" asserts="0">
                        <results>
                          <test-suite type="TestFixture" name="TestMmfMessages" executed="True" result="Success" success="True" time="3.670" asserts="0">
                            <results>
                              <test-case name="JetBrains.Platform.Util.Tests.Threading.TestMmfMessages.Run" executed="True" result="Success" success="True" time="3.657" asserts="1" />
                            </results>
                          </test-suite>
                        </results>
                      </test-suite>
                    </results>
                  </test-suite>
                </results>
              </test-suite>
            </results>
          </test-suite>
        </results>
      </test-suite>
    </results>
  </test-suite>
</test-results>